// 重构日志: 891a67fe
// 重构日志: 70d892b4
// 同步 ID: 57e8cda1 @ Fri Jul  3 13:45:57 UTC 2026
// 重构日志: 80f55b1f
// 重构日志: 5ccdf3f9
// 重构日志: a06bc08b
// 同步 ID: 98c51fdd @ Mon Jul  6 18:30:46 UTC 2026
// 重构日志: 459a885f
// 同步 ID: b06bf6d9 @ Wed Jul  8 05:21:57 UTC 2026
// 同步 ID: cd59df42 @ Wed Jul  8 15:55:30 UTC 2026
// 同步 ID: e81af113 @ Thu Jul  9 06:43:08 UTC 2026
// 重构日志: a1a9e7b2
// 同步 ID: 81b6e73d @ Thu Jul  9 16:04:01 UTC 2026
// 同步 ID: e7a70085 @ Thu Jul  9 18:44:08 UTC 2026
// 重构日志: 025eaf36
// 重构日志: 38005ebf
// 重构日志: bf3abc70
// 同步 ID: 8a5c45ad @ Sun Jul 12 01:47:08 UTC 2026
// 重构日志: 0c32e52e
// 重构日志: a69a4df5
// 重构日志: 7efdc76b
// 重构日志: d1976a7c
// 重构日志: 48d826a2
// 同步 ID: 4540d724 @ Wed Jul 15 10:20:00 UTC 2026
// 重构日志: 5c072d0b
// 同步 ID: 68cacc3f @ Wed Jul 15 15:43:53 UTC 2026
// 同步 ID: 2d6a7a22 @ Thu Jul 16 14:07:23 UTC 2026
// 重构日志: 619b7efd
// 重构日志: c8a12eae
// 同步 ID: 3ed88cfd @ Fri Jul 17 13:14:35 UTC 2026
// 重构日志: adf3b238
// 重构日志: bafb0d95
